/*C8*/SET SCHEMA PUBLIC
create table Agendamento (id bigint generated by default as identity (start with 1), data_cadastro timestamp, data_hora_final timestamp, data_hora_inicial timestamp, periodo varchar(255), status varchar(255), id_aluno bigint, id_funcionario bigint, id_veiculo bigint, primary key (id))
create table Aluno (id bigint generated by default as identity (start with 1), anexo_cnh varchar(255), categoria_cnh varchar(255), data_primeira_cnh timestamp, registro_cnh varchar(255), validade_cnh timestamp, contato varbinary(255), cpf_cnpj varchar(255) not null, data_cadastro timestamp, data_nascimento timestamp, data_emissao timestamp, bairro varchar(255), cep varchar(255), complemento varchar(255), logradouro varchar(255), numero varchar(255), estato_civil integer, nascionalidade integer, naturalidade varchar(255), nome varchar(255) not null, orgao_emissor varchar(255), rg varchar(255), sexo varchar(255), tipo_pessoa varchar(255) not null, ativo boolean not null, categoria varchar(255), codigo varchar(255), data_matricula date, observacao varchar(255), id_cidade bigint, primary key (id))
create table cidade (id bigint generated by default as identity (start with 1), nome varchar(255) not null, codigo_estado bigint not null, primary key (id))
create table cliente (id bigint generated by default as identity (start with 1), cpf_cnpj varchar(255) not null, email varchar(255), bairro varchar(255), cep varchar(255), complemento varchar(255), logradouro varchar(255), numero varchar(255), nome varchar(255) not null, telefone varchar(255), tipo_pessoa varchar(255) not null, id_cidade bigint, primary key (id))
create table contato (id bigint generated by default as identity (start with 1), primary key (id))
create table curso_aluno (id bigint generated by default as identity (start with 1), aluno varbinary(255), data_cadastro timestamp, maximo_aulas integer, maximo_aulas_diurnas integer, maximo_aulas_noturnas integer, status boolean, primary key (id))
create table email (id bigint generated by default as identity (start with 1), email varchar(255), tipo_email varchar(255), id_contato bigint, primary key (id))
create table estado (id bigint generated by default as identity (start with 1), nome varchar(255), sigla varchar(255), primary key (id))
create table funcionario (id bigint generated by default as identity (start with 1), anexo_cnh varchar(255), categoria_cnh varchar(255), data_primeira_cnh timestamp, registro_cnh varchar(255), validade_cnh timestamp, contato varbinary(255), cpf_cnpj varchar(255) not null, data_cadastro timestamp, data_nascimento timestamp, data_emissao timestamp, bairro varchar(255), cep varchar(255), complemento varchar(255), logradouro varchar(255), numero varchar(255), estato_civil integer, nascionalidade integer, naturalidade varchar(255), nome varchar(255) not null, orgao_emissor varchar(255), rg varchar(255), sexo varchar(255), tipo_pessoa varchar(255) not null, ativo boolean not null, cargo varchar(255), codigo varchar(255), data_admissao date, observacao varchar(255), id_cidade bigint, primary key (id))
create table grupo (id bigint generated by default as identity (start with 1), nome varchar(255), primary key (id))
create table grupo_permissao (id_grupo bigint not null, id_permissao bigint not null)
create table permissao (id bigint generated by default as identity (start with 1), nome varchar(255), primary key (id))
create table produto (codigo bigint generated by default as identity (start with 1), comissao numeric(19,2) not null, descricao varchar(50) not null, nome varchar(255) not null, quantidade_estoque integer not null check (quantidade_estoque<=9999), sku varchar(255) not null, valor numeric(19,2) not null, primary key (codigo))
create table telefone (id bigint generated by default as identity (start with 1), telefone varchar(255), tipo_telefone varchar(255), id_contato bigint, primary key (id))
create table usuario (id bigint generated by default as identity (start with 1), ativo boolean, data_nascimento timestamp, email varchar(255) not null, nome varchar(255) not null, senha varchar(255), primary key (id))
create table usuario_grupo (id_usuario bigint not null, id_grupo bigint not null, primary key (id_grupo, id_usuario))
create table veiculo (id bigint generated by default as identity (start with 1), ano_fabricacao integer, ano_modelo integer, ativo boolean not null, chassi varchar(255), codigo varchar(255), combustivel varchar(255), cor_predominante varchar(255), data_aquisicao timestamp, data_cadastro timestamp, descricao varchar(255), marca varchar(255), modelo varchar(255), numero_serie varchar(255), observacao varchar(255), patrimonio varchar(255), placa varchar(255), renavam varchar(255), tipo_veiculo varchar(255), valor_aquisicao varchar(255), primary key (id))
alter table Agendamento add constraint FKgdqh0vrwkremeyei388e9um8s foreign key (id_aluno) references Aluno
alter table Agendamento add constraint FKfmyy1jlgfn4x8t8d6yrt4x6lw foreign key (id_funcionario) references funcionario
alter table Agendamento add constraint FK7hji2kbc30mj1ylkbhpcokewa foreign key (id_veiculo) references veiculo
alter table Aluno add constraint FKmfabs9ij3pfaawatw4mvx4y6t foreign key (id_cidade) references cidade
alter table cidade add constraint FK3p3ii5fk4vpyyp0bju26kggbb foreign key (codigo_estado) references estado
alter table cliente add constraint FKo6a6k35qrpotcwg2enwkmlv9g foreign key (id_cidade) references cidade
alter table email add constraint FKkfxy5pvd5jglsx1fy13bnld73 foreign key (id_contato) references contato
alter table funcionario add constraint FK6nwb78m5nwovqe0c1wk2s635u foreign key (id_cidade) references cidade
alter table grupo_permissao add constraint FKfdid07dqkcx8cc53nj7rkmvcl foreign key (id_permissao) references permissao
alter table grupo_permissao add constraint FK9oesxnxaml2s24exucm3jr4fr foreign key (id_grupo) references grupo
alter table telefone add constraint FKq3t6bittts05mia6n1r6r9id9 foreign key (id_contato) references contato
alter table usuario_grupo add constraint FK9huj1upwjyabwkwnpnhnernnu foreign key (id_usuario) references usuario
alter table usuario_grupo add constraint FKcu6om65mvqr6ct95ijgqgx7ww foreign key (id_grupo) references grupo
/*C3*/SET SCHEMA PUBLIC
DISCONNECT
/*C4*/SET SCHEMA PUBLIC
DISCONNECT
/*C6*/SET SCHEMA PUBLIC
DISCONNECT
/*C5*/SET SCHEMA PUBLIC
DISCONNECT
/*C8*/DISCONNECT
/*C7*/SET SCHEMA PUBLIC
DISCONNECT
/*C12*/SET SCHEMA PUBLIC
alter table curso_aluno add column id_aluno integer
/*C9*/SET SCHEMA PUBLIC
DISCONNECT
/*C13*/SET SCHEMA PUBLIC
DISCONNECT
/*C11*/SET SCHEMA PUBLIC
DISCONNECT
/*C10*/SET SCHEMA PUBLIC
DISCONNECT
/*C12*/DISCONNECT
/*C17*/SET SCHEMA PUBLIC
DISCONNECT
/*C16*/SET SCHEMA PUBLIC
DISCONNECT
/*C15*/SET SCHEMA PUBLIC
DISCONNECT
/*C19*/SET SCHEMA PUBLIC
DISCONNECT
/*C18*/SET SCHEMA PUBLIC
DISCONNECT
/*C14*/SET SCHEMA PUBLIC
drop table curso_aluno
/*C21*/SET SCHEMA PUBLIC
DISCONNECT
/*C20*/SET SCHEMA PUBLIC
DISCONNECT
/*C24*/SET SCHEMA PUBLIC
DISCONNECT
/*C22*/SET SCHEMA PUBLIC
DISCONNECT
/*C23*/SET SCHEMA PUBLIC
DISCONNECT
/*C29*/SET SCHEMA PUBLIC
create table curso_aluno (id bigint generated by default as identity (start with 1), aluno varbinary(255), data_cadastro timestamp, maximo_aulas integer, maximo_aulas_diurnas integer, maximo_aulas_noturnas integer, status boolean, primary key (id))
/*C14*/DISCONNECT
/*C29*/DISCONNECT
/*C25*/SET SCHEMA PUBLIC
DISCONNECT
/*C28*/SET SCHEMA PUBLIC
DISCONNECT
/*C26*/SET SCHEMA PUBLIC
DISCONNECT
/*C27*/SET SCHEMA PUBLIC
DISCONNECT
/*C35*/SET SCHEMA PUBLIC
drop table CURSO_ALUNO
/*C31*/SET SCHEMA PUBLIC
DISCONNECT
/*C32*/SET SCHEMA PUBLIC
DISCONNECT
/*C34*/SET SCHEMA PUBLIC
DISCONNECT
/*C30*/SET SCHEMA PUBLIC
DISCONNECT
/*C33*/SET SCHEMA PUBLIC
DISCONNECT
/*C40*/SET SCHEMA PUBLIC
create table curso_aluno (id bigint generated by default as identity (start with 1), data_cadastro timestamp, maximo_aulas integer, maximo_aulas_diurnas integer, maximo_aulas_noturnas integer, status boolean, primary key (id))
/*C35*/DISCONNECT
/*C38*/SET SCHEMA PUBLIC
DISCONNECT
/*C39*/SET SCHEMA PUBLIC
DISCONNECT
/*C37*/SET SCHEMA PUBLIC
DISCONNECT
/*C36*/SET SCHEMA PUBLIC
DISCONNECT
/*C40*/DISCONNECT
/*C45*/SET SCHEMA PUBLIC
alter table curso_aluno add column aluno varbinary(255)
/*C46*/SET SCHEMA PUBLIC
DISCONNECT
/*C41*/SET SCHEMA PUBLIC
DISCONNECT
/*C45*/DISCONNECT
/*C43*/SET SCHEMA PUBLIC
DISCONNECT
/*C44*/SET SCHEMA PUBLIC
DISCONNECT
/*C42*/SET SCHEMA PUBLIC
DISCONNECT
/*C51*/SET SCHEMA PUBLIC
alter table curso_aluno add column id_aluno bigint
alter table curso_aluno add constraint FKcunf4xcb8hws5m3hgyn223j8n foreign key (id_aluno) references Aluno
/*C50*/SET SCHEMA PUBLIC
DISCONNECT
/*C49*/SET SCHEMA PUBLIC
DISCONNECT
/*C48*/SET SCHEMA PUBLIC
DISCONNECT
/*C47*/SET SCHEMA PUBLIC
DISCONNECT
/*C51*/DISCONNECT
/*C52*/SET SCHEMA PUBLIC
drop table CURSO_ALUNO
/*C57*/SET SCHEMA PUBLIC
create table curso_aluno (id bigint generated by default as identity (start with 1), data_cadastro timestamp, maximo_aulas integer, maximo_aulas_diurnas integer, maximo_aulas_noturnas integer, status boolean, id_aluno bigint, primary key (id))
alter table curso_aluno add constraint FKcunf4xcb8hws5m3hgyn223j8n foreign key (id_aluno) references Aluno
/*C53*/SET SCHEMA PUBLIC
DISCONNECT
/*C56*/SET SCHEMA PUBLIC
DISCONNECT
/*C57*/DISCONNECT
/*C55*/SET SCHEMA PUBLIC
DISCONNECT
/*C54*/SET SCHEMA PUBLIC
DISCONNECT
/*C60*/SET SCHEMA PUBLIC
DISCONNECT
/*C59*/SET SCHEMA PUBLIC
DISCONNECT
/*C58*/SET SCHEMA PUBLIC
DISCONNECT
/*C61*/SET SCHEMA PUBLIC
DISCONNECT
/*C62*/SET SCHEMA PUBLIC
DISCONNECT
/*C52*/DISCONNECT
